2016-07-05 16:54:04,244 [main] DEBUG com.sapient.beans.HelloWorld (HelloWorld.java:11) - debug
2016-07-05 16:54:04,246 [main] INFO com.sapient.beans.HelloWorld (HelloWorld.java:12) - info
2016-07-05 16:54:04,246 [main] WARN com.sapient.beans.HelloWorld (HelloWorld.java:13) - warn
2016-07-05 16:54:04,246 [main] ERROR com.sapient.beans.HelloWorld (HelloWorld.java:14) - error
2016-07-05 16:54:04,246 [main] FATAL com.sapient.beans.HelloWorld (HelloWorld.java:15) - fatal
2016-07-05 16:54:04,246 [main] DEBUG com.sapient.beans.HelloWorld (HelloWorld.java:17) - debug1
2016-07-05 16:54:04,246 [main] INFO com.sapient.beans.HelloWorld (HelloWorld.java:18) - info1
2016-07-05 16:54:04,246 [main] WARN com.sapient.beans.HelloWorld (HelloWorld.java:19) - warn1
2016-07-05 16:54:04,248 [main] ERROR com.sapient.beans.HelloWorld (HelloWorld.java:20) - error1
2016-07-05 16:54:04,248 [main] FATAL com.sapient.beans.HelloWorld (HelloWorld.java:21) - fatal1
2016-07-05 16:54:43,244 [main] DEBUG com.sapient.beans.HelloWorld (HelloWorld.java:11) - debug
2016-07-05 16:54:43,245 [main] INFO com.sapient.beans.HelloWorld (HelloWorld.java:12) - info
2016-07-05 16:54:43,246 [main] WARN com.sapient.beans.HelloWorld (HelloWorld.java:13) - warn
2016-07-05 16:54:43,246 [main] ERROR com.sapient.beans.HelloWorld (HelloWorld.java:14) - error
2016-07-05 16:54:43,246 [main] FATAL com.sapient.beans.HelloWorld (HelloWorld.java:15) - fatal
2016-07-05 16:54:43,246 [main] DEBUG com.sapient.beans.HelloWorld (HelloWorld.java:17) - debug1
2016-07-05 16:54:43,246 [main] INFO com.sapient.beans.HelloWorld (HelloWorld.java:18) - info1
2016-07-05 16:54:43,246 [main] WARN com.sapient.beans.HelloWorld (HelloWorld.java:19) - warn1
2016-07-05 16:54:43,247 [main] ERROR com.sapient.beans.HelloWorld (HelloWorld.java:20) - error1
2016-07-05 16:54:43,247 [main] FATAL com.sapient.beans.HelloWorld (HelloWorld.java:21) - fatal1
