2016-07-05 16:55:10,614 [main] DEBUG com.sapient.beans.HelloWorld (HelloWorld.java:11) - debug
2016-07-05 16:55:10,615 [main] INFO com.sapient.beans.HelloWorld (HelloWorld.java:12) - info
2016-07-05 16:55:10,615 [main] WARN com.sapient.beans.HelloWorld (HelloWorld.java:13) - warn
2016-07-05 16:55:10,615 [main] ERROR com.sapient.beans.HelloWorld (HelloWorld.java:14) - error
2016-07-05 16:55:10,615 [main] FATAL com.sapient.beans.HelloWorld (HelloWorld.java:15) - fatal
2016-07-05 16:55:10,615 [main] DEBUG com.sapient.beans.HelloWorld (HelloWorld.java:17) - debug1
2016-07-05 16:55:10,616 [main] INFO com.sapient.beans.HelloWorld (HelloWorld.java:18) - info1
2016-07-05 16:55:10,616 [main] WARN com.sapient.beans.HelloWorld (HelloWorld.java:19) - warn1
2016-07-05 16:55:10,617 [main] ERROR com.sapient.beans.HelloWorld (HelloWorld.java:20) - error1
2016-07-05 16:55:10,617 [main] FATAL com.sapient.beans.HelloWorld (HelloWorld.java:21) - fatal1
2016-07-05 16:55:43,902 [main] DEBUG com.sapient.beans.HelloWorld (HelloWorld.java:11) - debug
2016-07-05 16:55:43,904 [main] INFO com.sapient.beans.HelloWorld (HelloWorld.java:12) - info
2016-07-05 16:55:43,904 [main] WARN com.sapient.beans.HelloWorld (HelloWorld.java:13) - warn
2016-07-05 16:55:43,904 [main] ERROR com.sapient.beans.HelloWorld (HelloWorld.java:14) - error
2016-07-05 16:55:43,904 [main] FATAL com.sapient.beans.HelloWorld (HelloWorld.java:15) - fatal
2016-07-05 16:55:43,904 [main] DEBUG com.sapient.beans.HelloWorld (HelloWorld.java:17) - debug1
2016-07-05 16:55:43,904 [main] INFO com.sapient.beans.HelloWorld (HelloWorld.java:18) - info1
2016-07-05 16:55:43,904 [main] WARN com.sapient.beans.HelloWorld (HelloWorld.java:19) - warn1
2016-07-05 16:55:43,906 [main] ERROR com.sapient.beans.HelloWorld (HelloWorld.java:20) - error1
2016-07-05 16:55:43,906 [main] FATAL com.sapient.beans.HelloWorld (HelloWorld.java:21) - fatal1
2016-07-05 16:55:48,922 [main] DEBUG com.sapient.beans.HelloWorld (HelloWorld.java:11) - debug
2016-07-05 16:55:48,924 [main] INFO com.sapient.beans.HelloWorld (HelloWorld.java:12) - info
2016-07-05 16:55:48,924 [main] WARN com.sapient.beans.HelloWorld (HelloWorld.java:13) - warn
2016-07-05 16:55:48,924 [main] ERROR com.sapient.beans.HelloWorld (HelloWorld.java:14) - error
2016-07-05 16:55:48,924 [main] FATAL com.sapient.beans.HelloWorld (HelloWorld.java:15) - fatal
2016-07-05 16:55:48,924 [main] DEBUG com.sapient.beans.HelloWorld (HelloWorld.java:17) - debug1
2016-07-05 16:55:48,925 [main] INFO com.sapient.beans.HelloWorld (HelloWorld.java:18) - info1
2016-07-05 16:55:48,925 [main] WARN com.sapient.beans.HelloWorld (HelloWorld.java:19) - warn1
2016-07-05 16:55:48,926 [main] ERROR com.sapient.beans.HelloWorld (HelloWorld.java:20) - error1
2016-07-05 16:55:48,926 [main] FATAL com.sapient.beans.HelloWorld (HelloWorld.java:21) - fatal1
